<?xml version="1.0" encoding="UTF-8"?>
<!-- Generated by org.testng.reporters.JUnitXMLReporter -->
<testsuite hostname="DESKTOP-MT04204" ignored="0" name="Test" tests="6" failures="0" timestamp="03 Sep 2019 20:29:18 GMT" time="0.052" errors="0">
  <testcase name="deleteTwitter" time="0.01" classname="MavenDemo.APITest"/>
  <testcase name="postJira" time="0.0" classname="MavenDemo.APITest"/>
  <testcase name="IOSApp" time="0.0" classname="MavenDemo.AppiumTest"/>
  <testcase name="nativeAppAndroid" time="0.001" classname="MavenDemo.AppiumTest"/>
  <testcase name="BrowserAutomation" time="0.0" classname="MavenDemo.SeleniumTest"/>
  <testcase name="elementsUI" time="0.0" classname="MavenDemo.SeleniumTest"/>
</testsuite> <!-- Test -->
